[0m11:40:31.992025 [debug] [MainThread]: Sending event: {'category': 'dbt', 'action': 'invocation', 'label': 'start', 'context': [<snowplow_tracker.self_describing_json.SelfDescribingJson object at 0x0000017175CBE270>, <snowplow_tracker.self_describing_json.SelfDescribingJson object at 0x0000017178FAC710>, <snowplow_tracker.self_describing_json.SelfDescribingJson object at 0x000001717BF994C0>]}


============================== 11:40:32.015059 | 09827498-683b-463b-9dc8-87d09038845c ==============================
[0m11:40:32.015059 [info ] [MainThread]: Running with dbt=1.10.3
[0m11:40:32.017354 [debug] [MainThread]: running dbt with arguments {'printer_width': '80', 'indirect_selection': 'eager', 'log_cache_events': 'False', 'write_json': 'True', 'partial_parse': 'True', 'cache_selected_only': 'False', 'profiles_dir': 'C:\\Users\\asus\\.dbt', 'fail_fast': 'False', 'version_check': 'True', 'log_path': 'logs', 'warn_error': 'None', 'debug': 'False', 'use_colors': 'True', 'use_experimental_parser': 'False', 'empty': 'None', 'quiet': 'False', 'no_print': 'None', 'log_format': 'default', 'static_parser': 'True', 'warn_error_options': 'WarnErrorOptionsV2(error=[], warn=[], silence=[])', 'invocation_command': 'dbt init basic_dbt_project', 'target_path': 'None', 'introspect': 'True', 'send_anonymous_usage_stats': 'True'}
[0m11:40:32.306227 [debug] [MainThread]: Starter project path: C:\Users\asus\source\repos\DWH-analyst-homework\08 HW Dagster_DBT\dagster_dbt\venv\Lib\site-packages\dbt\include\starter_project
[0m11:40:32.342029 [info ] [MainThread]: 
Your new dbt project "basic_dbt_project" was created!

For more information on how to configure the profiles.yml file,
please consult the dbt documentation here:

  https://docs.getdbt.com/docs/configure-your-profile

One more thing:

Need help? Don't hesitate to reach out to us via GitHub issues or on Slack:

  https://community.getdbt.com/

Happy modeling!

[0m11:40:32.345043 [info ] [MainThread]: Setting up your profile.
[0m11:40:44.276756 [info ] [MainThread]: Profile basic_dbt_project written to C:\Users\asus\.dbt\profiles.yml using target's sample configuration. Once updated, you'll be able to start developing with dbt.
[0m11:40:44.280759 [debug] [MainThread]: Command `dbt init` succeeded at 11:40:44.280759 after 12.59 seconds
[0m11:40:44.281757 [debug] [MainThread]: Sending event: {'category': 'dbt', 'action': 'invocation', 'label': 'end', 'context': [<snowplow_tracker.self_describing_json.SelfDescribingJson object at 0x000001717C03FE60>, <snowplow_tracker.self_describing_json.SelfDescribingJson object at 0x000001717C03CD70>, <snowplow_tracker.self_describing_json.SelfDescribingJson object at 0x000001717BAE2930>]}
[0m11:40:44.282761 [debug] [MainThread]: Flushing usage events
[0m11:40:45.503501 [debug] [MainThread]: An error was encountered while trying to flush usage events
